# JRE version: Java(TM) SE Runtime Environment (15.0.1+9) (build 15.0.1+9-18)
# Java VM: Java HotSpot(TM) 64-Bit Server VM (15.0.1+9-18, mixed mode, sharing, tiered, g1 gc, windows-amd64)
GC Precious Log:
 CPUs: 4 total, 4 available
 Memory: 8108M
 Large DAO.Page Support: Disabled
 NUMA Support: Disabled
 Compressed Oops: Disabled
 Heap Region Size: 32M
 Heap Min Capacity: 32M
 Heap Initial Capacity: 128M
 Heap Max Capacity: 50144M
 Pre-touch: Disabled
 Parallel Workers: 4
 Concurrent Workers: 1
 Concurrent Refinement Workers: 4
 Periodic GC: Disabled
Heap:
 garbage-first heap   total 32243712K, used 924940K [0x000001e330000000, 0x000001ef6e000000)
  region size 32768K, 4 young (131072K), 4 survivors (131072K)
 Metaspace       used 34187K, capacity 34465K, committed 34560K, reserved 1079296K
  class space    used 4249K, capacity 4328K, committed 4352K, reserved 1048576K
GC Heap History (20 events):
Event: 13.569 GC heap after
{Heap after GC invocations=24 (full 0):
 garbage-first heap   total 2162688K, used 294684K [0x000001e330000000, 0x000001ef6e000000)
  region size 32768K, 1 young (32768K), 1 survivors (32768K)
 Metaspace       used 33847K, capacity 34145K, committed 34304K, reserved 1079296K
  class space    used 4244K, capacity 4328K, committed 4352K, reserved 1048576K
}
Event: 14.556 GC heap before
{Heap before GC invocations=24 (full 0):
 garbage-first heap   total 2162688K, used 524060K [0x000001e330000000, 0x000001ef6e000000)
  region size 32768K, 8 young (262144K), 1 survivors (32768K)
 Metaspace       used 33882K, capacity 34209K, committed 34304K, reserved 1079296K
  class space    used 4244K, capacity 4328K, committed 4352K, reserved 1048576K
}
Event: 14.708 GC heap after
{Heap after GC invocations=25 (full 0):
 garbage-first heap   total 2162688K, used 325730K [0x000001e330000000, 0x000001ef6e000000)
  region size 32768K, 1 young (32768K), 1 survivors (32768K)
 Metaspace       used 33882K, capacity 34209K, committed 34304K, reserved 1079296K
  class space    used 4244K, capacity 4328K, committed 4352K, reserved 1048576K
}
Event: 15.036 GC heap before
{Heap before GC invocations=25 (full 0):
 garbage-first heap   total 2162688K, used 489570K [0x000001e330000000, 0x000001ef6e000000)
  region size 32768K, 6 young (196608K), 1 survivors (32768K)
 Metaspace       used 33893K, capacity 34209K, committed 34304K, reserved 1079296K
  class space    used 4244K, capacity 4328K, committed 4352K, reserved 1048576K
}
Event: 15.525 GC heap after
{Heap after GC invocations=26 (full 0):
 garbage-first heap   total 6488064K, used 346500K [0x000001e330000000, 0x000001ef6e000000)
  region size 32768K, 1 young (32768K), 1 survivors (32768K)
 Metaspace       used 33893K, capacity 34209K, committed 34304K, reserved 1079296K
  class space    used 4244K, capacity 4328K, committed 4352K, reserved 1048576K
}
Event: 16.113 GC heap before
{Heap before GC invocations=26 (full 0):
 garbage-first heap   total 6488064K, used 608644K [0x000001e330000000, 0x000001ef6e000000)
  region size 32768K, 9 young (294912K), 1 survivors (32768K)
 Metaspace       used 33962K, capacity 34209K, committed 34304K, reserved 1079296K
  class space    used 4249K, capacity 4328K, committed 4352K, reserved 1048576K
}
Event: 16.574 GC heap after
{Heap after GC invocations=27 (full 0):
 garbage-first heap   total 6488064K, used 383482K [0x000001e330000000, 0x000001ef6e000000)
  region size 32768K, 2 young (65536K), 2 survivors (65536K)
 Metaspace       used 33962K, capacity 34209K, committed 34304K, reserved 1079296K
  class space    used 4249K, capacity 4328K, committed 4352K, reserved 1048576K
}
Event: 17.065 GC heap before
{Heap before GC invocations=27 (full 0):
 garbage-first heap   total 6488064K, used 612858K [0x000001e330000000, 0x000001ef6e000000)
  region size 32768K, 9 young (294912K), 2 survivors (65536K)
 Metaspace       used 33962K, capacity 34209K, committed 34304K, reserved 1079296K
  class space    used 4249K, capacity 4328K, committed 4352K, reserved 1048576K
}
Event: 17.310 GC heap after
{Heap after GC invocations=28 (full 0):
 garbage-first heap   total 6488064K, used 406537K [0x000001e330000000, 0x000001ef6e000000)
  region size 32768K, 1 young (32768K), 1 survivors (32768K)
 Metaspace       used 33962K, capacity 34209K, committed 34304K, reserved 1079296K
  class space    used 4249K, capacity 4328K, committed 4352K, reserved 1048576K
}
Event: 17.951 GC heap before
{Heap before GC invocations=28 (full 0):
 garbage-first heap   total 6488064K, used 668681K [0x000001e330000000, 0x000001ef6e000000)
  region size 32768K, 9 young (294912K), 1 survivors (32768K)
 Metaspace       used 33996K, capacity 34273K, committed 34304K, reserved 1079296K
  class space    used 4249K, capacity 4328K, committed 4352K, reserved 1048576K
}
Event: 18.026 GC heap after
{Heap after GC invocations=29 (full 0):
 garbage-first heap   total 6488064K, used 446464K [0x000001e330000000, 0x000001ef6e000000)
  region size 32768K, 2 young (65536K), 2 survivors (65536K)
 Metaspace       used 33996K, capacity 34273K, committed 34304K, reserved 1079296K
  class space    used 4249K, capacity 4328K, committed 4352K, reserved 1048576K
}
Event: 18.231 GC heap before
{Heap before GC invocations=29 (full 0):
 garbage-first heap   total 6488064K, used 675840K [0x000001e330000000, 0x000001ef6e000000)
  region size 32768K, 9 young (294912K), 2 survivors (65536K)
 Metaspace       used 34000K, capacity 34273K, committed 34304K, reserved 1079296K
  class space    used 4249K, capacity 4328K, committed 4352K, reserved 1048576K
}
Event: 19.051 GC heap after
{Heap after GC invocations=30 (full 0):
 garbage-first heap   total 19464192K, used 470749K [0x000001e330000000, 0x000001ef6e000000)
  region size 32768K, 1 young (32768K), 1 survivors (32768K)
 Metaspace       used 34000K, capacity 34273K, committed 34304K, reserved 1079296K
  class space    used 4249K, capacity 4328K, committed 4352K, reserved 1048576K
}
Event: 22.661 GC heap before
{Heap before GC invocations=30 (full 0):
 garbage-first heap   total 19464192K, used 1355485K [0x000001e330000000, 0x000001ef6e000000)
  region size 32768K, 29 young (950272K), 1 survivors (32768K)
 Metaspace       used 34055K, capacity 34337K, committed 34560K, reserved 1079296K
  class space    used 4249K, capacity 4328K, committed 4352K, reserved 1048576K
}
Event: 24.513 GC heap after
{Heap after GC invocations=31 (full 0):
 garbage-first heap   total 19464192K, used 587552K [0x000001e330000000, 0x000001ef6e000000)
  region size 32768K, 4 young (131072K), 4 survivors (131072K)
 Metaspace       used 34055K, capacity 34337K, committed 34560K, reserved 1079296K
  class space    used 4249K, capacity 4328K, committed 4352K, reserved 1048576K
}
Event: 26.907 GC heap before
{Heap before GC invocations=31 (full 0):
 garbage-first heap   total 19464192K, used 1373984K [0x000001e330000000, 0x000001ef6e000000)
  region size 32768K, 29 young (950272K), 4 survivors (131072K)
 Metaspace       used 34099K, capacity 34337K, committed 34560K, reserved 1079296K
  class space    used 4249K, capacity 4328K, committed 4352K, reserved 1048576K
}
Event: 28.872 GC heap after
{Heap after GC invocations=32 (full 0):
 garbage-first heap   total 19464192K, used 698803K [0x000001e330000000, 0x000001ef6e000000)
  region size 32768K, 4 young (131072K), 4 survivors (131072K)
 Metaspace       used 34099K, capacity 34337K, committed 34560K, reserved 1079296K
  class space    used 4249K, capacity 4328K, committed 4352K, reserved 1048576K
}
Event: 30.824 GC heap before
{Heap before GC invocations=32 (full 0):
 garbage-first heap   total 19464192K, used 1518003K [0x000001e330000000, 0x000001ef6e000000)
  region size 32768K, 29 young (950272K), 4 survivors (131072K)
 Metaspace       used 34127K, capacity 34401K, committed 34560K, reserved 1079296K
  class space    used 4249K, capacity 4328K, committed 4352K, reserved 1048576K
}
Event: 31.275 GC heap after
{Heap after GC invocations=33 (full 0):
 garbage-first heap   total 19464192K, used 810437K [0x000001e330000000, 0x000001ef6e000000)
  region size 32768K, 4 young (131072K), 4 survivors (131072K)
 Metaspace       used 34127K, capacity 34401K, committed 34560K, reserved 1079296K
  class space    used 4249K, capacity 4328K, committed 4352K, reserved 1048576K
}
Event: 32.605 GC heap before
{Heap before GC invocations=33 (full 0):
 garbage-first heap   total 19464192K, used 1596869K [0x000001e330000000, 0x000001ef6e000000)
  region size 32768K, 29 young (950272K), 4 survivors (131072K)
 Metaspace       used 34187K, capacity 34465K, committed 34560K, reserved 1079296K
  class space    used 4249K, capacity 4328K, committed 4352K, reserved 1048576K
}

